\BOOKMARK [0][-]{chapter.1}{Heuristic Models}{}% 1
\BOOKMARK [1][-]{section.1.1}{CAPEX}{chapter.1}% 2
\BOOKMARK [2][-]{subsection.1.1.1}{Opaque without Survivability}{section.1.1}% 3
\BOOKMARK [2][-]{subsection.1.1.2}{Opaque with 1+1 Protection}{section.1.1}% 4
\BOOKMARK [2][-]{subsection.1.1.3}{Transparent without Survivability}{section.1.1}% 5
\BOOKMARK [0][-]{chapter.2}{Allow blocking}{}% 6
\BOOKMARK [1][-]{section.2.1}{Concepts}{chapter.2}% 7
\BOOKMARK [1][-]{section.2.2}{System inputs}{chapter.2}% 8
\BOOKMARK [1][-]{section.2.3}{System signals}{chapter.2}% 9
\BOOKMARK [2][-]{subsection.2.3.1}{DemandRequest}{section.2.3}% 10
\BOOKMARK [2][-]{subsection.2.3.2}{LogicalTopology}{section.2.3}% 11
\BOOKMARK [2][-]{subsection.2.3.3}{PathRequest}{section.2.3}% 12
\BOOKMARK [2][-]{subsection.2.3.4}{PathRequestRouted}{section.2.3}% 13
\BOOKMARK [2][-]{subsection.2.3.5}{DemandRequestRouted}{section.2.3}% 14
\BOOKMARK [1][-]{section.2.4}{Blocks input parameters and signals}{chapter.2}% 15
\BOOKMARK [1][-]{section.2.5}{Blocks state variables and output signals}{chapter.2}% 16
\BOOKMARK [1][-]{section.2.6}{Example}{chapter.2}% 17
\BOOKMARK [2][-]{subsection.2.6.1}{Transparent with 1+1 Protection}{section.2.6}% 18
\BOOKMARK [2][-]{subsection.2.6.2}{Translucent without Survivability}{section.2.6}% 19
\BOOKMARK [2][-]{subsection.2.6.3}{Translucent with 1+1 Protection}{section.2.6}% 20
